<?xml version="1.0" encoding="UTF-8"?>
<!-- Generated by org.testng.reporters.JUnitReportReporter -->
<testsuite hostname="LAPTOP-B982GULJ" failures="0" tests="2" name="package2.HomePageTest" time="232.068" errors="0" timestamp="2021-07-28T10:29:48 IST" skipped="0">
  <testcase classname="package2.HomePageTest" name="HomePageTest" time="117.390"/>
  <system-out/>
  <testcase classname="package2.HomePageTest" name="verifynavigation" time="114.678"/>
  <system-out/>
</testsuite> <!-- package2.HomePageTest -->
