<?xml version="1.0" encoding="UTF-8"?>
<!-- Generated by org.testng.reporters.JUnitReportReporter -->
<testsuite hostname="LAPTOP-B982GULJ" failures="0" tests="2" name="package2.Homepagedisplaytest" time="18.300" errors="0" timestamp="2021-07-26T12:14:38 IST" skipped="0">
  <testcase classname="package2.Homepagedisplaytest" name="HomePageTest" time="14.333"/>
  <system-out/>
  <testcase classname="package2.Homepagedisplaytest" name="verifynavigation" time="3.967"/>
  <system-out/>
</testsuite> <!-- package2.Homepagedisplaytest -->
